DEPRECATION WARNING: Kernel#returning has been deprecated in favor of Object#tap. (called from enable_activerecord at /usr/local/src/73s/trunk/vendor/plugins/will_paginate/lib/will_paginate.rb:39)
  [4;36;1mSQL (0.2ms)[0m   [0;1mSET NAMES 'utf8'[0m
  [4;35;1mSQL (0.1ms)[0m   [0mSET SQL_AUTO_IS_NULL=0[0m
RowsLogger plugin enables mysql
  [4;36;1mUser Columns (0.007308) (18 Rows)[0m   [0;1mSHOW FIELDS FROM `users`[0m
DEPRECATION WARNING: Giving :session_key to SessionStore is deprecated, please use :key instead. (called from new at /Users/christoffe/.rvm/gems/ruby-1.8.7-p302/gems/actionpack-2.3.11/lib/action_controller/middleware_stack.rb:72)
  [4;35;1mSQL (0.000127)[0m   [0mSET NAMES 'utf8'[0m
  [4;36;1mSQL (0.000093)[0m   [0;1mSET SQL_AUTO_IS_NULL=0[0m


Processing HomeController#index (for 127.0.0.1 at 2011-05-26 18:27:53) [GET]
  Parameters: {"action"=>"index", "controller"=>"home"}
IN check_permissions :: @level => [[:all, {:all=>true}]]
  [4;35;1mProfile Columns (0.009405) (28 Rows)[0m   [0mSHOW FIELDS FROM `profiles`[0m
  [4;36;1mSQL (0.021421) (1 Row)[0m   [0;1mSELECT count(DISTINCT `profiles`.id) AS count_all FROM `profiles` LEFT OUTER JOIN `users` ON `users`.id = `profiles`.user_id WHERE (is_active = 1 and about_me IS NOT NULL and user_id is not null) ORDER BY rand() [0m
  [4;35;1mProfile Load (0.158769) (1 Row)[0m   [0mSELECT * FROM `profiles` WHERE (is_active = 1 and about_me IS NOT NULL and user_id is not null) ORDER BY rand() LIMIT 367, 1[0m
  [4;36;1mUser Load (0.000762) (1 Row)[0m   [0;1mSELECT * FROM `users` WHERE (`users`.`id` = 199) [0m
  [4;35;1mBlog Load (0.008063) (3 Rows)[0m   [0mSELECT * FROM `blogs` ORDER BY updated_at DESC LIMIT 3[0m
  [4;36;1mStatus Load (0.016403) (0 Rows)[0m   [0;1mSELECT * FROM `statuses` WHERE (created_at > '2011-05-24 18:27:53' and privatemsg != 1) ORDER BY created_at DESC LIMIT 3[0m
  [4;35;1mForumPost Load (0.004351) (3 Rows)[0m   [0mSELECT * FROM `forum_posts` ORDER BY created_at DESC LIMIT 3[0m
  [4;36;1mHambrief Load (0.002070) (1 Row)[0m   [0;1mSELECT * FROM `hambriefs` ORDER BY updated_at DESC LIMIT 1[0m
  [4;35;1mReview Load (0.002128) (1 Row)[0m   [0mSELECT * FROM `reviews` ORDER BY timestamp DESC LIMIT 1[0m
  [4;36;1mGear Load (0.001316) (3 Rows)[0m   [0;1mSELECT * FROM `gears` ORDER BY created_at DESC LIMIT 3[0m
Rendering template within layouts/application
Rendering home/index
  [4;35;1mReview Columns (0.001367) (10 Rows)[0m   [0mSHOW FIELDS FROM `reviews`[0m
  [4;36;1mProfile Load (0.000444) (1 Row)[0m   [0;1mSELECT * FROM `profiles` WHERE (`profiles`.`id` = 665) [0m
Rendered profiles/_featured (4.9ms)
  [4;35;1mProfile Load (0.014933) (12 Rows)[0m   [0mSELECT * FROM `profiles` WHERE (user_id is not null) ORDER BY created_at DESC LIMIT 12[0m
  [4;36;1mUser Load (0.000592) (1 Row)[0m   [0;1mSELECT * FROM `users` WHERE (`users`.`id` = 2321) [0m
Rendered profiles/_newest_member (3.6ms)
  [4;35;1mUser Load (0.000625) (1 Row)[0m   [0mSELECT * FROM `users` WHERE (`users`.`id` = 2320) [0m
Rendered profiles/_newest_member (1.9ms)
  [4;36;1mUser Load (0.000542) (1 Row)[0m   [0;1mSELECT * FROM `users` WHERE (`users`.`id` = 2319) [0m
Rendered profiles/_newest_member (1.8ms)
  [4;35;1mUser Load (0.000214) (1 Row)[0m   [0mSELECT * FROM `users` WHERE (`users`.`id` = 2318) [0m
Rendered profiles/_newest_member (1.4ms)
  [4;36;1mUser Load (0.000173) (1 Row)[0m   [0;1mSELECT * FROM `users` WHERE (`users`.`id` = 2317) [0m
Rendered profiles/_newest_member (1.9ms)
  [4;35;1mUser Load (0.000206) (1 Row)[0m   [0mSELECT * FROM `users` WHERE (`users`.`id` = 2316) [0m
Rendered profiles/_newest_member (1.5ms)
  [4;36;1mUser Load (0.000184) (1 Row)[0m   [0;1mSELECT * FROM `users` WHERE (`users`.`id` = 2315) [0m
Rendered profiles/_newest_member (1.7ms)
  [4;35;1mUser Load (0.000183) (1 Row)[0m   [0mSELECT * FROM `users` WHERE (`users`.`id` = 2314) [0m
Rendered profiles/_newest_member (1.3ms)
  [4;36;1mUser Load (0.000187) (1 Row)[0m   [0;1mSELECT * FROM `users` WHERE (`users`.`id` = 2312) [0m
Rendered profiles/_newest_member (1.4ms)
  [4;35;1mUser Load (0.000208) (1 Row)[0m   [0mSELECT * FROM `users` WHERE (`users`.`id` = 2311) [0m
Rendered profiles/_newest_member (1.7ms)
  [4;36;1mUser Load (0.000368) (1 Row)[0m   [0;1mSELECT * FROM `users` WHERE (`users`.`id` = 2310) [0m
Rendered profiles/_newest_member (104.4ms)
  [4;35;1mUser Load (0.000196) (1 Row)[0m   [0mSELECT * FROM `users` WHERE (`users`.`id` = 2309) [0m
Rendered profiles/_newest_member (2.0ms)
  [4;36;1mHambrief Columns (0.006976) (7 Rows)[0m   [0;1mSHOW FIELDS FROM `hambriefs`[0m
  [4;35;1mGear Columns (0.001069) (9 Rows)[0m   [0mSHOW FIELDS FROM `gears`[0m
  [4;36;1mProfile Load (0.000357) (1 Row)[0m   [0;1mSELECT * FROM `profiles` WHERE (`profiles`.`id` = 34) [0m
Rendered home/_gear (56.6ms)
  [4;35;1mProfile Load (0.000350) (1 Row)[0m   [0mSELECT * FROM `profiles` WHERE (`profiles`.`id` = 1835) [0m
Rendered home/_gear (4.4ms)
  [4;36;1mProfile Load (0.000237) (1 Row)[0m   [0;1mSELECT * FROM `profiles` WHERE (`profiles`.`id` = 339) [0m
Rendered home/_gear (3.9ms)
  [4;35;1mBlog Columns (0.001191) (6 Rows)[0m   [0mSHOW FIELDS FROM `blogs`[0m
  [4;36;1mProfile Load (0.000260) (1 Row)[0m   [0;1mSELECT * FROM `profiles` WHERE (`profiles`.`id` = 655) [0m
  [4;35;1mUser Load (0.000670) (1 Row)[0m   [0mSELECT * FROM `users` WHERE (`users`.`id` = 655) [0m
Rendered home/_blog (8.2ms)
  [4;36;1mCACHE (0.000000)[0m   [0;1mSELECT * FROM `profiles` WHERE (`profiles`.`id` = 655) [0m
  [4;35;1mCACHE (0.000000)[0m   [0mSELECT * FROM `users` WHERE (`users`.`id` = 655) [0m
Rendered home/_blog (2.0ms)
  [4;36;1mProfile Load (0.000361) (1 Row)[0m   [0;1mSELECT * FROM `profiles` WHERE (`profiles`.`id` = 1164) [0m
  [4;35;1mUser Load (0.001110) (1 Row)[0m   [0mSELECT * FROM `users` WHERE (`users`.`id` = 1164) [0m
Rendered home/_blog (4.1ms)
  [4;36;1mForumPost Columns (0.001173) (6 Rows)[0m   [0;1mSHOW FIELDS FROM `forum_posts`[0m
  [4;35;1mProfile Load (0.000320) (1 Row)[0m   [0mSELECT * FROM `profiles` WHERE (user_id = 1652) LIMIT 1[0m
  [4;36;1mUser Load (0.001050) (1 Row)[0m   [0;1mSELECT * FROM `users` WHERE (`users`.`id` = 1652) [0m
  [4;35;1mForumTopic Columns (0.001267) (7 Rows)[0m   [0mSHOW FIELDS FROM `forum_topics`[0m
  [4;36;1mForumTopic Load (0.001844) (1 Row)[0m   [0;1mSELECT * FROM `forum_topics` WHERE (`forum_topics`.`id` = 156) [0m
  [4;35;1mForum Columns (0.001740) (7 Rows)[0m   [0mSHOW FIELDS FROM `forums`[0m
  [4;36;1mForum Load (0.000676) (1 Row)[0m   [0;1mSELECT * FROM `forums` WHERE (`forums`.`id` = 19) [0m
  [4;35;1mCACHE (0.000000)[0m   [0mSELECT * FROM `profiles` WHERE (user_id = 1652) LIMIT 1[0m
  [4;36;1mCACHE (0.000000)[0m   [0;1mSELECT * FROM `users` WHERE (`users`.`id` = 1652) [0m
  [4;35;1mCACHE (0.000000)[0m   [0mSELECT * FROM `forum_topics` WHERE (`forum_topics`.`id` = 156) [0m
  [4;36;1mCACHE (0.000000)[0m   [0;1mSELECT * FROM `forums` WHERE (`forums`.`id` = 19) [0m
  [4;35;1mProfile Load (0.000397) (1 Row)[0m   [0mSELECT * FROM `profiles` WHERE (user_id = 134) LIMIT 1[0m
  [4;36;1mUser Load (0.000614) (1 Row)[0m   [0;1mSELECT * FROM `users` WHERE (`users`.`id` = 134) [0m
  [4;35;1mForumTopic Load (0.000201) (1 Row)[0m   [0mSELECT * FROM `forum_topics` WHERE (`forum_topics`.`id` = 155) [0m
  [4;36;1mForum Load (0.000169) (1 Row)[0m   [0;1mSELECT * FROM `forums` WHERE (`forums`.`id` = 3) [0m
Rendered home/_topicslist (32.4ms)
  [4;35;1mAdvert Load (0.001841) (0 Rows)[0m   [0mSELECT * FROM `adverts` WHERE (startdate <= '2011-05-26 18:27:54' && enddate >= '2011-05-26 18:27:54' && placement=0) [0m
Completed in 768ms (View: 358, DB: 0 49 queries) | 200 OK [http://localhost/]
DEPRECATION WARNING: Kernel#returning has been deprecated in favor of Object#tap. (called from enable_activerecord at /usr/local/src/73s/trunk/vendor/plugins/will_paginate/lib/will_paginate.rb:39)
  [4;36;1mSQL (0.3ms)[0m   [0;1mSET NAMES 'utf8'[0m
  [4;35;1mSQL (0.1ms)[0m   [0mSET SQL_AUTO_IS_NULL=0[0m
RowsLogger plugin enables mysql
  [4;36;1mUser Columns (0.002772) (18 Rows)[0m   [0;1mSHOW FIELDS FROM `users`[0m
  [4;35;1mSQL (0.000152)[0m   [0mSET NAMES 'utf8'[0m
  [4;36;1mSQL (0.000075)[0m   [0;1mSET SQL_AUTO_IS_NULL=0[0m


Processing HomeController#index (for 127.0.0.1 at 2011-05-28 08:54:44) [GET]
  Parameters: {"action"=>"index", "controller"=>"home"}
IN check_permissions :: @level => [[:all, {:all=>true}]]
  [4;35;1mProfile Columns (0.003648) (28 Rows)[0m   [0mSHOW FIELDS FROM `profiles`[0m
  [4;36;1mSQL (0.011163) (1 Row)[0m   [0;1mSELECT count(DISTINCT `profiles`.id) AS count_all FROM `profiles` LEFT OUTER JOIN `users` ON `users`.id = `profiles`.user_id WHERE (is_active = 1 and about_me IS NOT NULL and user_id is not null) ORDER BY rand() [0m
  [4;35;1mProfile Load (0.091738) (1 Row)[0m   [0mSELECT * FROM `profiles` WHERE (is_active = 1 and about_me IS NOT NULL and user_id is not null) ORDER BY rand() LIMIT 615, 1[0m
  [4;36;1mUser Load (0.000761) (1 Row)[0m   [0;1mSELECT * FROM `users` WHERE (`users`.`id` = 726) [0m
  [4;35;1mBlog Load (0.004093) (3 Rows)[0m   [0mSELECT * FROM `blogs` ORDER BY updated_at DESC LIMIT 3[0m
  [4;36;1mStatus Load (0.007738) (0 Rows)[0m   [0;1mSELECT * FROM `statuses` WHERE (created_at > '2011-05-26 08:54:45' and privatemsg != 1) ORDER BY created_at DESC LIMIT 3[0m
  [4;35;1mForumPost Load (0.002143) (3 Rows)[0m   [0mSELECT * FROM `forum_posts` ORDER BY created_at DESC LIMIT 3[0m
  [4;36;1mHambrief Load (0.000787) (1 Row)[0m   [0;1mSELECT * FROM `hambriefs` ORDER BY updated_at DESC LIMIT 1[0m
  [4;35;1mReview Load (0.001713) (1 Row)[0m   [0mSELECT * FROM `reviews` ORDER BY timestamp DESC LIMIT 1[0m
  [4;36;1mGear Load (0.000721) (3 Rows)[0m   [0;1mSELECT * FROM `gears` ORDER BY created_at DESC LIMIT 3[0m
Rendering template within layouts/application
Rendering home/index
  [4;35;1mReview Columns (0.001644) (10 Rows)[0m   [0mSHOW FIELDS FROM `reviews`[0m
  [4;36;1mProfile Load (0.000399) (1 Row)[0m   [0;1mSELECT * FROM `profiles` WHERE (`profiles`.`id` = 665) [0m
Rendered profiles/_featured (5.4ms)
  [4;35;1mProfile Load (0.017375) (12 Rows)[0m   [0mSELECT * FROM `profiles` WHERE (user_id is not null) ORDER BY created_at DESC LIMIT 12[0m
  [4;36;1mUser Load (0.000931) (1 Row)[0m   [0;1mSELECT * FROM `users` WHERE (`users`.`id` = 2321) [0m
Rendered profiles/_newest_member (3.8ms)
  [4;35;1mUser Load (0.000687) (1 Row)[0m   [0mSELECT * FROM `users` WHERE (`users`.`id` = 2320) [0m
Rendered profiles/_newest_member (2.9ms)
  [4;36;1mUser Load (0.003334) (1 Row)[0m   [0;1mSELECT * FROM `users` WHERE (`users`.`id` = 2319) [0m
Rendered profiles/_newest_member (5.0ms)
  [4;35;1mUser Load (0.000213) (1 Row)[0m   [0mSELECT * FROM `users` WHERE (`users`.`id` = 2318) [0m
Rendered profiles/_newest_member (1.5ms)
  [4;36;1mUser Load (0.000185) (1 Row)[0m   [0;1mSELECT * FROM `users` WHERE (`users`.`id` = 2317) [0m
Rendered profiles/_newest_member (1.7ms)
  [4;35;1mUser Load (0.000183) (1 Row)[0m   [0mSELECT * FROM `users` WHERE (`users`.`id` = 2316) [0m
Rendered profiles/_newest_member (1.3ms)
  [4;36;1mUser Load (0.000183) (1 Row)[0m   [0;1mSELECT * FROM `users` WHERE (`users`.`id` = 2315) [0m
Rendered profiles/_newest_member (1.7ms)
  [4;35;1mUser Load (0.000201) (1 Row)[0m   [0mSELECT * FROM `users` WHERE (`users`.`id` = 2314) [0m
Rendered profiles/_newest_member (1.8ms)
  [4;36;1mUser Load (0.000236) (1 Row)[0m   [0;1mSELECT * FROM `users` WHERE (`users`.`id` = 2312) [0m
Rendered profiles/_newest_member (1.6ms)
  [4;35;1mUser Load (0.000588) (1 Row)[0m   [0mSELECT * FROM `users` WHERE (`users`.`id` = 2311) [0m
Rendered profiles/_newest_member (2.6ms)
  [4;36;1mUser Load (0.000246) (1 Row)[0m   [0;1mSELECT * FROM `users` WHERE (`users`.`id` = 2310) [0m
Rendered profiles/_newest_member (1.6ms)
  [4;35;1mUser Load (0.000252) (1 Row)[0m   [0mSELECT * FROM `users` WHERE (`users`.`id` = 2309) [0m
Rendered profiles/_newest_member (2.8ms)
  [4;36;1mHambrief Columns (0.001223) (7 Rows)[0m   [0;1mSHOW FIELDS FROM `hambriefs`[0m
  [4;35;1mGear Columns (0.001216) (9 Rows)[0m   [0mSHOW FIELDS FROM `gears`[0m
  [4;36;1mProfile Load (0.000387) (1 Row)[0m   [0;1mSELECT * FROM `profiles` WHERE (`profiles`.`id` = 34) [0m
Rendered home/_gear (186.0ms)
  [4;35;1mProfile Load (0.000356) (1 Row)[0m   [0mSELECT * FROM `profiles` WHERE (`profiles`.`id` = 1835) [0m
Rendered home/_gear (5.3ms)
  [4;36;1mProfile Load (0.000298) (1 Row)[0m   [0;1mSELECT * FROM `profiles` WHERE (`profiles`.`id` = 339) [0m
Rendered home/_gear (4.5ms)
  [4;35;1mBlog Columns (0.001252) (6 Rows)[0m   [0mSHOW FIELDS FROM `blogs`[0m
  [4;36;1mProfile Load (0.000490) (1 Row)[0m   [0;1mSELECT * FROM `profiles` WHERE (`profiles`.`id` = 655) [0m
  [4;35;1mUser Load (0.000626) (1 Row)[0m   [0mSELECT * FROM `users` WHERE (`users`.`id` = 655) [0m
Rendered home/_blog (9.2ms)
  [4;36;1mCACHE (0.000000)[0m   [0;1mSELECT * FROM `profiles` WHERE (`profiles`.`id` = 655) [0m
  [4;35;1mCACHE (0.000000)[0m   [0mSELECT * FROM `users` WHERE (`users`.`id` = 655) [0m
Rendered home/_blog (9.6ms)
  [4;36;1mProfile Load (0.000355) (1 Row)[0m   [0;1mSELECT * FROM `profiles` WHERE (`profiles`.`id` = 1164) [0m
  [4;35;1mUser Load (0.000531) (1 Row)[0m   [0mSELECT * FROM `users` WHERE (`users`.`id` = 1164) [0m
Rendered home/_blog (3.9ms)
  [4;36;1mForumPost Columns (0.001223) (6 Rows)[0m   [0;1mSHOW FIELDS FROM `forum_posts`[0m
  [4;35;1mProfile Load (0.000332) (1 Row)[0m   [0mSELECT * FROM `profiles` WHERE (user_id = 1652) LIMIT 1[0m
  [4;36;1mUser Load (0.000777) (1 Row)[0m   [0;1mSELECT * FROM `users` WHERE (`users`.`id` = 1652) [0m
  [4;35;1mForumTopic Columns (0.001430) (7 Rows)[0m   [0mSHOW FIELDS FROM `forum_topics`[0m
  [4;36;1mForumTopic Load (0.000552) (1 Row)[0m   [0;1mSELECT * FROM `forum_topics` WHERE (`forum_topics`.`id` = 156) [0m
  [4;35;1mForum Columns (0.008186) (7 Rows)[0m   [0mSHOW FIELDS FROM `forums`[0m
  [4;36;1mForum Load (0.000523) (1 Row)[0m   [0;1mSELECT * FROM `forums` WHERE (`forums`.`id` = 19) [0m
  [4;35;1mCACHE (0.000000)[0m   [0mSELECT * FROM `profiles` WHERE (user_id = 1652) LIMIT 1[0m
  [4;36;1mCACHE (0.000000)[0m   [0;1mSELECT * FROM `users` WHERE (`users`.`id` = 1652) [0m
  [4;35;1mCACHE (0.000000)[0m   [0mSELECT * FROM `forum_topics` WHERE (`forum_topics`.`id` = 156) [0m
  [4;36;1mCACHE (0.000000)[0m   [0;1mSELECT * FROM `forums` WHERE (`forums`.`id` = 19) [0m
  [4;35;1mProfile Load (0.000363) (1 Row)[0m   [0mSELECT * FROM `profiles` WHERE (user_id = 134) LIMIT 1[0m
  [4;36;1mUser Load (0.000606) (1 Row)[0m   [0;1mSELECT * FROM `users` WHERE (`users`.`id` = 134) [0m
  [4;35;1mForumTopic Load (0.000640) (1 Row)[0m   [0mSELECT * FROM `forum_topics` WHERE (`forum_topics`.`id` = 155) [0m
  [4;36;1mForum Load (0.000182) (1 Row)[0m   [0;1mSELECT * FROM `forums` WHERE (`forums`.`id` = 3) [0m
Rendered home/_topicslist (31.6ms)
  [4;35;1mAdvert Load (0.000823) (0 Rows)[0m   [0mSELECT * FROM `adverts` WHERE (startdate <= '2011-05-28 08:54:45' && enddate >= '2011-05-28 08:54:45' && placement=0) [0m
Completed in 735ms (View: 413, DB: 0 49 queries) | 200 OK [http://localhost/]
  [4;36;1mSQL (0.000111)[0m   [0;1mSET NAMES 'utf8'[0m
  [4;35;1mSQL (0.000087)[0m   [0mSET SQL_AUTO_IS_NULL=0[0m
  [4;36;1mUser Columns (0.001560) (18 Rows)[0m   [0;1mSHOW FIELDS FROM `users`[0m


Processing HomeController#index (for 127.0.0.1 at 2011-05-28 08:55:37) [GET]
  Parameters: {"action"=>"index", "controller"=>"home"}
IN check_permissions :: @level => [[:all, {:all=>true}]]
  [4;35;1mProfile Columns (0.003893) (28 Rows)[0m   [0mSHOW FIELDS FROM `profiles`[0m
  [4;36;1mSQL (0.008238) (1 Row)[0m   [0;1mSELECT count(DISTINCT `profiles`.id) AS count_all FROM `profiles` LEFT OUTER JOIN `users` ON `users`.id = `profiles`.user_id WHERE (is_active = 1 and about_me IS NOT NULL and user_id is not null) ORDER BY rand() [0m
  [4;35;1mProfile Load (0.101356) (1 Row)[0m   [0mSELECT * FROM `profiles` WHERE (is_active = 1 and about_me IS NOT NULL and user_id is not null) ORDER BY rand() LIMIT 712, 1[0m
  [4;36;1mUser Load (0.000871) (1 Row)[0m   [0;1mSELECT * FROM `users` WHERE (`users`.`id` = 1128) [0m
  [4;35;1mBlog Load (0.001591) (3 Rows)[0m   [0mSELECT * FROM `blogs` ORDER BY updated_at DESC LIMIT 3[0m
  [4;36;1mStatus Load (0.005063) (0 Rows)[0m   [0;1mSELECT * FROM `statuses` WHERE (created_at > '2011-05-26 08:55:37' and privatemsg != 1) ORDER BY created_at DESC LIMIT 3[0m
  [4;35;1mForumPost Load (0.000638) (3 Rows)[0m   [0mSELECT * FROM `forum_posts` ORDER BY created_at DESC LIMIT 3[0m
  [4;36;1mHambrief Load (0.000360) (1 Row)[0m   [0;1mSELECT * FROM `hambriefs` ORDER BY updated_at DESC LIMIT 1[0m
  [4;35;1mReview Load (0.000373) (1 Row)[0m   [0mSELECT * FROM `reviews` ORDER BY timestamp DESC LIMIT 1[0m
  [4;36;1mGear Load (0.000310) (3 Rows)[0m   [0;1mSELECT * FROM `gears` ORDER BY created_at DESC LIMIT 3[0m
Rendering template within layouts/application
Rendering home/index
  [4;35;1mReview Columns (0.001096) (10 Rows)[0m   [0mSHOW FIELDS FROM `reviews`[0m
  [4;36;1mProfile Load (0.000349) (1 Row)[0m   [0;1mSELECT * FROM `profiles` WHERE (`profiles`.`id` = 665) [0m
Rendered profiles/_featured (4.2ms)
  [4;35;1mProfile Load (0.019807) (12 Rows)[0m   [0mSELECT * FROM `profiles` WHERE (user_id is not null) ORDER BY created_at DESC LIMIT 12[0m
  [4;36;1mUser Load (0.000353) (1 Row)[0m   [0;1mSELECT * FROM `users` WHERE (`users`.`id` = 2321) [0m
Rendered profiles/_newest_member (2.1ms)
  [4;35;1mUser Load (0.002249) (1 Row)[0m   [0mSELECT * FROM `users` WHERE (`users`.`id` = 2320) [0m
Rendered profiles/_newest_member (3.7ms)
  [4;36;1mUser Load (0.000235) (1 Row)[0m   [0;1mSELECT * FROM `users` WHERE (`users`.`id` = 2319) [0m
Rendered profiles/_newest_member (1.9ms)
  [4;35;1mUser Load (0.003046) (1 Row)[0m   [0mSELECT * FROM `users` WHERE (`users`.`id` = 2318) [0m
Rendered profiles/_newest_member (5.9ms)
  [4;36;1mUser Load (0.000399) (1 Row)[0m   [0;1mSELECT * FROM `users` WHERE (`users`.`id` = 2317) [0m
Rendered profiles/_newest_member (2.4ms)
  [4;35;1mUser Load (0.000201) (1 Row)[0m   [0mSELECT * FROM `users` WHERE (`users`.`id` = 2316) [0m
Rendered profiles/_newest_member (1.7ms)
  [4;36;1mUser Load (0.000226) (1 Row)[0m   [0;1mSELECT * FROM `users` WHERE (`users`.`id` = 2315) [0m
Rendered profiles/_newest_member (2.1ms)
  [4;35;1mUser Load (0.000723) (1 Row)[0m   [0mSELECT * FROM `users` WHERE (`users`.`id` = 2314) [0m
Rendered profiles/_newest_member (5.2ms)
  [4;36;1mUser Load (0.000238) (1 Row)[0m   [0;1mSELECT * FROM `users` WHERE (`users`.`id` = 2312) [0m
Rendered profiles/_newest_member (1.6ms)
  [4;35;1mUser Load (0.000261) (1 Row)[0m   [0mSELECT * FROM `users` WHERE (`users`.`id` = 2311) [0m
Rendered profiles/_newest_member (2.1ms)
  [4;36;1mUser Load (0.000228) (1 Row)[0m   [0;1mSELECT * FROM `users` WHERE (`users`.`id` = 2310) [0m
Rendered profiles/_newest_member (2.1ms)
  [4;35;1mUser Load (0.002285) (1 Row)[0m   [0mSELECT * FROM `users` WHERE (`users`.`id` = 2309) [0m
Rendered profiles/_newest_member (4.4ms)
  [4;36;1mHambrief Columns (0.009245) (7 Rows)[0m   [0;1mSHOW FIELDS FROM `hambriefs`[0m
  [4;35;1mGear Columns (0.001148) (9 Rows)[0m   [0mSHOW FIELDS FROM `gears`[0m
  [4;36;1mProfile Load (0.000357) (1 Row)[0m   [0;1mSELECT * FROM `profiles` WHERE (`profiles`.`id` = 34) [0m
Rendered home/_gear (16.9ms)
  [4;35;1mProfile Load (0.000313) (1 Row)[0m   [0mSELECT * FROM `profiles` WHERE (`profiles`.`id` = 1835) [0m
Rendered home/_gear (4.5ms)
  [4;36;1mProfile Load (0.000272) (1 Row)[0m   [0;1mSELECT * FROM `profiles` WHERE (`profiles`.`id` = 339) [0m
Rendered home/_gear (4.3ms)
  [4;35;1mBlog Columns (0.001251) (6 Rows)[0m   [0mSHOW FIELDS FROM `blogs`[0m
  [4;36;1mProfile Load (0.000858) (1 Row)[0m   [0;1mSELECT * FROM `profiles` WHERE (`profiles`.`id` = 655) [0m
  [4;35;1mUser Load (0.000232) (1 Row)[0m   [0mSELECT * FROM `users` WHERE (`users`.`id` = 655) [0m
Rendered home/_blog (7.5ms)
  [4;36;1mCACHE (0.000000)[0m   [0;1mSELECT * FROM `profiles` WHERE (`profiles`.`id` = 655) [0m
  [4;35;1mCACHE (0.000000)[0m   [0mSELECT * FROM `users` WHERE (`users`.`id` = 655) [0m
Rendered home/_blog (7.0ms)
  [4;36;1mProfile Load (0.000723) (1 Row)[0m   [0;1mSELECT * FROM `profiles` WHERE (`profiles`.`id` = 1164) [0m
  [4;35;1mUser Load (0.000199) (1 Row)[0m   [0mSELECT * FROM `users` WHERE (`users`.`id` = 1164) [0m
Rendered home/_blog (3.7ms)
  [4;36;1mProfile Load (0.000347) (1 Row)[0m   [0;1mSELECT * FROM `profiles` WHERE (user_id = 1652) LIMIT 1[0m
  [4;35;1mUser Load (0.000236) (1 Row)[0m   [0mSELECT * FROM `users` WHERE (`users`.`id` = 1652) [0m
  [4;36;1mForumTopic Load (0.000175) (1 Row)[0m   [0;1mSELECT * FROM `forum_topics` WHERE (`forum_topics`.`id` = 156) [0m
  [4;35;1mForum Load (0.002086) (1 Row)[0m   [0mSELECT * FROM `forums` WHERE (`forums`.`id` = 19) [0m
  [4;36;1mCACHE (0.000000)[0m   [0;1mSELECT * FROM `profiles` WHERE (user_id = 1652) LIMIT 1[0m
  [4;35;1mCACHE (0.000000)[0m   [0mSELECT * FROM `users` WHERE (`users`.`id` = 1652) [0m
  [4;36;1mCACHE (0.000000)[0m   [0;1mSELECT * FROM `forum_topics` WHERE (`forum_topics`.`id` = 156) [0m
  [4;35;1mCACHE (0.000000)[0m   [0mSELECT * FROM `forums` WHERE (`forums`.`id` = 19) [0m
  [4;36;1mProfile Load (0.000749) (1 Row)[0m   [0;1mSELECT * FROM `profiles` WHERE (user_id = 134) LIMIT 1[0m
  [4;35;1mUser Load (0.000347) (1 Row)[0m   [0mSELECT * FROM `users` WHERE (`users`.`id` = 134) [0m
  [4;36;1mForumTopic Load (0.000166) (1 Row)[0m   [0;1mSELECT * FROM `forum_topics` WHERE (`forum_topics`.`id` = 155) [0m
  [4;35;1mForum Load (0.000168) (1 Row)[0m   [0mSELECT * FROM `forums` WHERE (`forums`.`id` = 3) [0m
Rendered home/_topicslist (16.0ms)
  [4;36;1mAdvert Load (0.000383) (0 Rows)[0m   [0;1mSELECT * FROM `adverts` WHERE (startdate <= '2011-05-28 08:55:38' && enddate >= '2011-05-28 08:55:38' && placement=0) [0m
Completed in 475ms (View: 273, DB: 0 45 queries) | 200 OK [http://localhost/]
  [4;35;1mSQL (0.000138)[0m   [0mSET NAMES 'utf8'[0m
  [4;36;1mSQL (0.000108)[0m   [0;1mSET SQL_AUTO_IS_NULL=0[0m
  [4;35;1mUser Columns (0.001293) (18 Rows)[0m   [0mSHOW FIELDS FROM `users`[0m


Processing HomeController#sitesearch (for 127.0.0.1 at 2011-05-28 08:55:59) [GET]
  Parameters: {"sa"=>"Search", "action"=>"sitesearch", "cof"=>"FORID:9", "searchtype"=>"Callsign", "ie"=>"UTF-8", "q"=>"n8hjk", "controller"=>"home", "cx"=>"005021180438963575546:xeyizhhaupg", "siteurl"=>"localhost:3000/"}
IN check_permissions :: @level => [[:all, {:all=>true}]]
Redirected to http://localhost:3000/callsign/user?id=n8hjk
Completed in 6ms (DB: 0 1 queries) | 302 Found [http://localhost/sitesearch?cx=005021180438963575546%3Axeyizhhaupg&cof=FORID%3A9&ie=UTF-8&searchtype=Callsign&q=n8hjk&sa=Search&siteurl=localhost%3A3000%2F]
  [4;36;1mSQL (0.000120)[0m   [0;1mSET NAMES 'utf8'[0m
  [4;35;1mSQL (0.000109)[0m   [0mSET SQL_AUTO_IS_NULL=0[0m
  [4;36;1mUser Columns (0.006039) (18 Rows)[0m   [0;1mSHOW FIELDS FROM `users`[0m


Processing HomeController#callsign (for 127.0.0.1 at 2011-05-28 08:56:00) [GET]
  Parameters: {"action"=>"callsign", "id"=>"n8hjk", "callsign"=>"user", "controller"=>"home"}
IN check_permissions :: @level => [[:all, {:all=>true}]]
  [4;35;1mUser Load (0.003653) (0 Rows)[0m   [0mSELECT * FROM `users` WHERE (`users`.`login` = 'n8hjk') LIMIT 1[0m
Rendering template within layouts/application
Rendering home/callsign
Rendered contacts/_form (18.5ms)
  [4;36;1mMessage Columns (0.002370) (8 Rows)[0m   [0;1mSHOW FIELDS FROM `messages`[0m
Rendered messages/_invite (21.2ms)
  [4;35;1mAdvert Load (0.000383) (0 Rows)[0m   [0mSELECT * FROM `adverts` WHERE (startdate <= '2011-05-28 08:56:01' && enddate >= '2011-05-28 08:56:01' && placement=0) [0m
Completed in 1021ms (View: 206, DB: 0 4 queries) | 200 OK [http://localhost/callsign/user?id=n8hjk]
  [4;36;1mSQL (0.000098)[0m   [0;1mSET NAMES 'utf8'[0m
  [4;35;1mSQL (0.000075)[0m   [0mSET SQL_AUTO_IS_NULL=0[0m
  [4;36;1mUser Columns (0.003035) (18 Rows)[0m   [0;1mSHOW FIELDS FROM `users`[0m


Processing HomeController#index (for 127.0.0.1 at 2011-05-28 08:56:08) [GET]
  Parameters: {"action"=>"index", "controller"=>"home"}
IN check_permissions :: @level => [[:all, {:all=>true}]]
  [4;35;1mProfile Columns (0.003563) (28 Rows)[0m   [0mSHOW FIELDS FROM `profiles`[0m
  [4;36;1mSQL (0.008780) (1 Row)[0m   [0;1mSELECT count(DISTINCT `profiles`.id) AS count_all FROM `profiles` LEFT OUTER JOIN `users` ON `users`.id = `profiles`.user_id WHERE (is_active = 1 and about_me IS NOT NULL and user_id is not null) ORDER BY rand() [0m
  [4;35;1mProfile Load (0.089641) (1 Row)[0m   [0mSELECT * FROM `profiles` WHERE (is_active = 1 and about_me IS NOT NULL and user_id is not null) ORDER BY rand() LIMIT 925, 1[0m
  [4;36;1mUser Load (0.000801) (1 Row)[0m   [0;1mSELECT * FROM `users` WHERE (`users`.`id` = 2017) [0m
  [4;35;1mBlog Load (0.000954) (3 Rows)[0m   [0mSELECT * FROM `blogs` ORDER BY updated_at DESC LIMIT 3[0m
  [4;36;1mStatus Load (0.004897) (0 Rows)[0m   [0;1mSELECT * FROM `statuses` WHERE (created_at > '2011-05-26 08:56:08' and privatemsg != 1) ORDER BY created_at DESC LIMIT 3[0m
  [4;35;1mForumPost Load (0.000526) (3 Rows)[0m   [0mSELECT * FROM `forum_posts` ORDER BY created_at DESC LIMIT 3[0m
  [4;36;1mHambrief Load (0.000348) (1 Row)[0m   [0;1mSELECT * FROM `hambriefs` ORDER BY updated_at DESC LIMIT 1[0m
  [4;35;1mReview Load (0.000334) (1 Row)[0m   [0mSELECT * FROM `reviews` ORDER BY timestamp DESC LIMIT 1[0m
  [4;36;1mGear Load (0.000312) (3 Rows)[0m   [0;1mSELECT * FROM `gears` ORDER BY created_at DESC LIMIT 3[0m
Rendering template within layouts/application
Rendering home/index
  [4;35;1mReview Columns (0.001111) (10 Rows)[0m   [0mSHOW FIELDS FROM `reviews`[0m
  [4;36;1mProfile Load (0.000253) (1 Row)[0m   [0;1mSELECT * FROM `profiles` WHERE (`profiles`.`id` = 665) [0m
Rendered profiles/_featured (3.6ms)
  [4;35;1mProfile Load (0.016361) (12 Rows)[0m   [0mSELECT * FROM `profiles` WHERE (user_id is not null) ORDER BY created_at DESC LIMIT 12[0m
  [4;36;1mUser Load (0.000266) (1 Row)[0m   [0;1mSELECT * FROM `users` WHERE (`users`.`id` = 2321) [0m
Rendered profiles/_newest_member (1.8ms)
  [4;35;1mUser Load (0.000191) (1 Row)[0m   [0mSELECT * FROM `users` WHERE (`users`.`id` = 2320) [0m
Rendered profiles/_newest_member (1.4ms)
  [4;36;1mUser Load (0.000211) (1 Row)[0m   [0;1mSELECT * FROM `users` WHERE (`users`.`id` = 2319) [0m
Rendered profiles/_newest_member (1.5ms)
  [4;35;1mUser Load (0.000195) (1 Row)[0m   [0mSELECT * FROM `users` WHERE (`users`.`id` = 2318) [0m
Rendered profiles/_newest_member (1.4ms)
  [4;36;1mUser Load (0.000192) (1 Row)[0m   [0;1mSELECT * FROM `users` WHERE (`users`.`id` = 2317) [0m
Rendered profiles/_newest_member (1.8ms)
  [4;35;1mUser Load (0.000193) (1 Row)[0m   [0mSELECT * FROM `users` WHERE (`users`.`id` = 2316) [0m
Rendered profiles/_newest_member (1.4ms)
  [4;36;1mUser Load (0.000166) (1 Row)[0m   [0;1mSELECT * FROM `users` WHERE (`users`.`id` = 2315) [0m
Rendered profiles/_newest_member (1.8ms)
  [4;35;1mUser Load (0.000222) (1 Row)[0m   [0mSELECT * FROM `users` WHERE (`users`.`id` = 2314) [0m
Rendered profiles/_newest_member (1.4ms)
  [4;36;1mUser Load (0.000195) (1 Row)[0m   [0;1mSELECT * FROM `users` WHERE (`users`.`id` = 2312) [0m
Rendered profiles/_newest_member (1.4ms)
  [4;35;1mUser Load (0.000182) (1 Row)[0m   [0mSELECT * FROM `users` WHERE (`users`.`id` = 2311) [0m
Rendered profiles/_newest_member (1.8ms)
  [4;36;1mUser Load (0.000212) (1 Row)[0m   [0;1mSELECT * FROM `users` WHERE (`users`.`id` = 2310) [0m
Rendered profiles/_newest_member (1.4ms)
  [4;35;1mUser Load (0.000176) (1 Row)[0m   [0mSELECT * FROM `users` WHERE (`users`.`id` = 2309) [0m
Rendered profiles/_newest_member (1.7ms)
  [4;36;1mHambrief Columns (0.001298) (7 Rows)[0m   [0;1mSHOW FIELDS FROM `hambriefs`[0m
  [4;35;1mGear Columns (0.001021) (9 Rows)[0m   [0mSHOW FIELDS FROM `gears`[0m
  [4;36;1mProfile Load (0.000281) (1 Row)[0m   [0;1mSELECT * FROM `profiles` WHERE (`profiles`.`id` = 34) [0m
Rendered home/_gear (8.6ms)
  [4;35;1mProfile Load (0.000292) (1 Row)[0m   [0mSELECT * FROM `profiles` WHERE (`profiles`.`id` = 1835) [0m
Rendered home/_gear (4.1ms)
  [4;36;1mProfile Load (0.000232) (1 Row)[0m   [0;1mSELECT * FROM `profiles` WHERE (`profiles`.`id` = 339) [0m
Rendered home/_gear (3.7ms)
  [4;35;1mBlog Columns (0.001159) (6 Rows)[0m   [0mSHOW FIELDS FROM `blogs`[0m
  [4;36;1mProfile Load (0.000375) (1 Row)[0m   [0;1mSELECT * FROM `profiles` WHERE (`profiles`.`id` = 655) [0m
  [4;35;1mUser Load (0.000270) (1 Row)[0m   [0mSELECT * FROM `users` WHERE (`users`.`id` = 655) [0m
Rendered home/_blog (6.6ms)
  [4;36;1mCACHE (0.000000)[0m   [0;1mSELECT * FROM `profiles` WHERE (`profiles`.`id` = 655) [0m
  [4;35;1mCACHE (0.000000)[0m   [0mSELECT * FROM `users` WHERE (`users`.`id` = 655) [0m
Rendered home/_blog (2.0ms)
  [4;36;1mProfile Load (0.000266) (1 Row)[0m   [0;1mSELECT * FROM `profiles` WHERE (`profiles`.`id` = 1164) [0m
  [4;35;1mUser Load (0.000193) (1 Row)[0m   [0mSELECT * FROM `users` WHERE (`users`.`id` = 1164) [0m
Rendered home/_blog (2.8ms)
  [4;36;1mProfile Load (0.000310) (1 Row)[0m   [0;1mSELECT * FROM `profiles` WHERE (user_id = 1652) LIMIT 1[0m
  [4;35;1mUser Load (0.000226) (1 Row)[0m   [0mSELECT * FROM `users` WHERE (`users`.`id` = 1652) [0m
  [4;36;1mForumTopic Load (0.000169) (1 Row)[0m   [0;1mSELECT * FROM `forum_topics` WHERE (`forum_topics`.`id` = 156) [0m
  [4;35;1mForum Load (0.000163) (1 Row)[0m   [0mSELECT * FROM `forums` WHERE (`forums`.`id` = 19) [0m
  [4;36;1mCACHE (0.000000)[0m   [0;1mSELECT * FROM `profiles` WHERE (user_id = 1652) LIMIT 1[0m
  [4;35;1mCACHE (0.000000)[0m   [0mSELECT * FROM `users` WHERE (`users`.`id` = 1652) [0m
  [4;36;1mCACHE (0.000000)[0m   [0;1mSELECT * FROM `forum_topics` WHERE (`forum_topics`.`id` = 156) [0m
  [4;35;1mCACHE (0.000000)[0m   [0mSELECT * FROM `forums` WHERE (`forums`.`id` = 19) [0m
  [4;36;1mProfile Load (0.000272) (1 Row)[0m   [0;1mSELECT * FROM `profiles` WHERE (user_id = 134) LIMIT 1[0m
  [4;35;1mUser Load (0.000204) (1 Row)[0m   [0mSELECT * FROM `users` WHERE (`users`.`id` = 134) [0m
  [4;36;1mForumTopic Load (0.000165) (1 Row)[0m   [0;1mSELECT * FROM `forum_topics` WHERE (`forum_topics`.`id` = 155) [0m
  [4;35;1mForum Load (0.000151) (1 Row)[0m   [0mSELECT * FROM `forums` WHERE (`forums`.`id` = 3) [0m
Rendered home/_topicslist (10.9ms)
  [4;36;1mAdvert Load (0.000517) (0 Rows)[0m   [0;1mSELECT * FROM `adverts` WHERE (startdate <= '2011-05-28 08:56:09' && enddate >= '2011-05-28 08:56:09' && placement=0) [0m
Completed in 478ms (View: 205, DB: 0 45 queries) | 200 OK [http://localhost/]
DEPRECATION WARNING: Kernel#returning has been deprecated in favor of Object#tap. (called from enable_activerecord at /usr/local/src/73s/trunk/vendor/plugins/will_paginate/lib/will_paginate.rb:39)
  [4;36;1mSQL (0.2ms)[0m   [0;1mSET NAMES 'utf8'[0m
  [4;35;1mSQL (0.1ms)[0m   [0mSET SQL_AUTO_IS_NULL=0[0m
RowsLogger plugin enables mysql
  [4;36;1mUser Columns (0.012105) (18 Rows)[0m   [0;1mSHOW FIELDS FROM `users`[0m
  [4;35;1mSQL (0.000167)[0m   [0mSET NAMES 'utf8'[0m
  [4;36;1mSQL (0.000108)[0m   [0;1mSET SQL_AUTO_IS_NULL=0[0m


Processing HomeController#index (for 127.0.0.1 at 2011-05-28 09:06:54) [GET]
  Parameters: {"action"=>"index", "controller"=>"home"}
IN check_permissions :: @level => [[:all, {:all=>true}]]
  [4;35;1mProfile Columns (0.003300) (28 Rows)[0m   [0mSHOW FIELDS FROM `profiles`[0m
  [4;36;1mSQL (0.007046) (1 Row)[0m   [0;1mSELECT count(DISTINCT `profiles`.id) AS count_all FROM `profiles` LEFT OUTER JOIN `users` ON `users`.id = `profiles`.user_id WHERE (is_active = 1 and about_me IS NOT NULL and user_id is not null) ORDER BY rand() [0m
  [4;35;1mProfile Load (0.106320) (1 Row)[0m   [0mSELECT * FROM `profiles` WHERE (is_active = 1 and about_me IS NOT NULL and user_id is not null) ORDER BY rand() LIMIT 1196, 1[0m
  [4;36;1mUser Load (0.000875) (1 Row)[0m   [0;1mSELECT * FROM `users` WHERE (`users`.`id` = 413) [0m
  [4;35;1mBlog Load (0.000895) (3 Rows)[0m   [0mSELECT * FROM `blogs` ORDER BY updated_at DESC LIMIT 3[0m
  [4;36;1mStatus Load (0.004650) (0 Rows)[0m   [0;1mSELECT * FROM `statuses` WHERE (created_at > '2011-05-26 09:06:54' and privatemsg != 1) ORDER BY created_at DESC LIMIT 3[0m
  [4;35;1mForumPost Load (0.000495) (3 Rows)[0m   [0mSELECT * FROM `forum_posts` ORDER BY created_at DESC LIMIT 3[0m
  [4;36;1mHambrief Load (0.000297) (1 Row)[0m   [0;1mSELECT * FROM `hambriefs` ORDER BY updated_at DESC LIMIT 1[0m
  [4;35;1mReview Load (0.000359) (1 Row)[0m   [0mSELECT * FROM `reviews` ORDER BY timestamp DESC LIMIT 1[0m
  [4;36;1mGear Load (0.000308) (3 Rows)[0m   [0;1mSELECT * FROM `gears` ORDER BY created_at DESC LIMIT 3[0m
Rendering template within layouts/application
Rendering home/index
  [4;35;1mReview Columns (0.001254) (10 Rows)[0m   [0mSHOW FIELDS FROM `reviews`[0m
  [4;36;1mProfile Load (0.000270) (1 Row)[0m   [0;1mSELECT * FROM `profiles` WHERE (`profiles`.`id` = 665) [0m
Rendered profiles/_featured (5.1ms)
  [4;35;1mProfile Load (0.014801) (12 Rows)[0m   [0mSELECT * FROM `profiles` WHERE (user_id is not null) ORDER BY created_at DESC LIMIT 12[0m
  [4;36;1mUser Load (0.000309) (1 Row)[0m   [0;1mSELECT * FROM `users` WHERE (`users`.`id` = 2321) [0m
Rendered profiles/_newest_member (2.5ms)
  [4;35;1mUser Load (0.000199) (1 Row)[0m   [0mSELECT * FROM `users` WHERE (`users`.`id` = 2320) [0m
Rendered profiles/_newest_member (1.4ms)
  [4;36;1mUser Load (0.000165) (1 Row)[0m   [0;1mSELECT * FROM `users` WHERE (`users`.`id` = 2319) [0m
Rendered profiles/_newest_member (1.5ms)
  [4;35;1mUser Load (0.000166) (1 Row)[0m   [0mSELECT * FROM `users` WHERE (`users`.`id` = 2318) [0m
Rendered profiles/_newest_member (1.5ms)
  [4;36;1mUser Load (0.000347) (1 Row)[0m   [0;1mSELECT * FROM `users` WHERE (`users`.`id` = 2317) [0m
Rendered profiles/_newest_member (2.1ms)
  [4;35;1mUser Load (0.000209) (1 Row)[0m   [0mSELECT * FROM `users` WHERE (`users`.`id` = 2316) [0m
Rendered profiles/_newest_member (1.4ms)
  [4;36;1mUser Load (0.000351) (1 Row)[0m   [0;1mSELECT * FROM `users` WHERE (`users`.`id` = 2315) [0m
Rendered profiles/_newest_member (2.0ms)
  [4;35;1mUser Load (0.000205) (1 Row)[0m   [0mSELECT * FROM `users` WHERE (`users`.`id` = 2314) [0m
Rendered profiles/_newest_member (1.4ms)
  [4;36;1mUser Load (0.000194) (1 Row)[0m   [0;1mSELECT * FROM `users` WHERE (`users`.`id` = 2312) [0m
Rendered profiles/_newest_member (1.4ms)
  [4;35;1mUser Load (0.000184) (1 Row)[0m   [0mSELECT * FROM `users` WHERE (`users`.`id` = 2311) [0m
Rendered profiles/_newest_member (1.7ms)
  [4;36;1mUser Load (0.000183) (1 Row)[0m   [0;1mSELECT * FROM `users` WHERE (`users`.`id` = 2310) [0m
Rendered profiles/_newest_member (1.4ms)
  [4;35;1mUser Load (0.000218) (1 Row)[0m   [0mSELECT * FROM `users` WHERE (`users`.`id` = 2309) [0m
Rendered profiles/_newest_member (1.7ms)
  [4;36;1mHambrief Columns (0.001190) (7 Rows)[0m   [0;1mSHOW FIELDS FROM `hambriefs`[0m
  [4;35;1mGear Columns (0.001201) (9 Rows)[0m   [0mSHOW FIELDS FROM `gears`[0m
  [4;36;1mProfile Load (0.000357) (1 Row)[0m   [0;1mSELECT * FROM `profiles` WHERE (`profiles`.`id` = 34) [0m
Rendered home/_gear (142.1ms)
  [4;35;1mProfile Load (0.000367) (1 Row)[0m   [0mSELECT * FROM `profiles` WHERE (`profiles`.`id` = 1835) [0m
Rendered home/_gear (4.6ms)
  [4;36;1mProfile Load (0.000258) (1 Row)[0m   [0;1mSELECT * FROM `profiles` WHERE (`profiles`.`id` = 339) [0m
Rendered home/_gear (4.0ms)
  [4;35;1mBlog Columns (0.003933) (6 Rows)[0m   [0mSHOW FIELDS FROM `blogs`[0m
  [4;36;1mProfile Load (0.000288) (1 Row)[0m   [0;1mSELECT * FROM `profiles` WHERE (`profiles`.`id` = 655) [0m
  [4;35;1mUser Load (0.000198) (1 Row)[0m   [0mSELECT * FROM `users` WHERE (`users`.`id` = 655) [0m
Rendered home/_blog (10.1ms)
  [4;36;1mCACHE (0.000000)[0m   [0;1mSELECT * FROM `profiles` WHERE (`profiles`.`id` = 655) [0m
  [4;35;1mCACHE (0.000000)[0m   [0mSELECT * FROM `users` WHERE (`users`.`id` = 655) [0m
Rendered home/_blog (2.8ms)
  [4;36;1mProfile Load (0.000930) (1 Row)[0m   [0;1mSELECT * FROM `profiles` WHERE (`profiles`.`id` = 1164) [0m
  [4;35;1mUser Load (0.000212) (1 Row)[0m   [0mSELECT * FROM `users` WHERE (`users`.`id` = 1164) [0m
Rendered home/_blog (4.3ms)
  [4;36;1mForumPost Columns (0.001024) (6 Rows)[0m   [0;1mSHOW FIELDS FROM `forum_posts`[0m
  [4;35;1mProfile Load (0.000302) (1 Row)[0m   [0mSELECT * FROM `profiles` WHERE (user_id = 1652) LIMIT 1[0m
  [4;36;1mUser Load (0.000247) (1 Row)[0m   [0;1mSELECT * FROM `users` WHERE (`users`.`id` = 1652) [0m
  [4;35;1mForumTopic Columns (0.000881) (7 Rows)[0m   [0mSHOW FIELDS FROM `forum_topics`[0m
  [4;36;1mForumTopic Load (0.000184) (1 Row)[0m   [0;1mSELECT * FROM `forum_topics` WHERE (`forum_topics`.`id` = 156) [0m
  [4;35;1mForum Columns (0.000811) (7 Rows)[0m   [0mSHOW FIELDS FROM `forums`[0m
  [4;36;1mForum Load (0.000832) (1 Row)[0m   [0;1mSELECT * FROM `forums` WHERE (`forums`.`id` = 19) [0m
  [4;35;1mCACHE (0.000000)[0m   [0mSELECT * FROM `profiles` WHERE (user_id = 1652) LIMIT 1[0m
  [4;36;1mCACHE (0.000000)[0m   [0;1mSELECT * FROM `users` WHERE (`users`.`id` = 1652) [0m
  [4;35;1mCACHE (0.000000)[0m   [0mSELECT * FROM `forum_topics` WHERE (`forum_topics`.`id` = 156) [0m
  [4;36;1mCACHE (0.000000)[0m   [0;1mSELECT * FROM `forums` WHERE (`forums`.`id` = 19) [0m
  [4;35;1mProfile Load (0.000354) (1 Row)[0m   [0mSELECT * FROM `profiles` WHERE (user_id = 134) LIMIT 1[0m
  [4;36;1mUser Load (0.000212) (1 Row)[0m   [0;1mSELECT * FROM `users` WHERE (`users`.`id` = 134) [0m
  [4;35;1mForumTopic Load (0.000167) (1 Row)[0m   [0mSELECT * FROM `forum_topics` WHERE (`forum_topics`.`id` = 155) [0m
  [4;36;1mForum Load (0.000161) (1 Row)[0m   [0;1mSELECT * FROM `forums` WHERE (`forums`.`id` = 3) [0m
Rendered home/_topicslist (21.2ms)
  [4;35;1mAdvert Load (0.000353) (0 Rows)[0m   [0mSELECT * FROM `adverts` WHERE (startdate <= '2011-05-28 09:06:54' && enddate >= '2011-05-28 09:06:54' && placement=0) [0m
Completed in 602ms (View: 309, DB: 0 49 queries) | 200 OK [http://localhost/]
  [4;36;1mSQL (0.000137)[0m   [0;1mSET NAMES 'utf8'[0m
  [4;35;1mSQL (0.000103)[0m   [0mSET SQL_AUTO_IS_NULL=0[0m
  [4;36;1mUser Columns (0.001452) (18 Rows)[0m   [0;1mSHOW FIELDS FROM `users`[0m


Processing DirectoryController#index (for 127.0.0.1 at 2011-05-28 09:07:01) [GET]
  Parameters: {"action"=>"index", "controller"=>"directory"}
IN check_permissions :: @level => [[:owner, {:all=>true}], [:all, {:only=>[:index, :show, :newest, :aprs, :twitterview, :skype]}]]
  [4;35;1mProfile Load (0.015856) (10 Rows)[0m   [0mSELECT * FROM `profiles` WHERE (user_id <> "") ORDER BY created_at ASC LIMIT 0, 10[0m
  [4;36;1mProfile Columns (0.003363) (28 Rows)[0m   [0;1mSHOW FIELDS FROM `profiles`[0m
  [4;35;1mSQL (0.001431) (1 Row)[0m   [0mSELECT count(*) AS count_all FROM `profiles` WHERE (user_id <> "") [0m
Rendering template within layouts/application
Rendering directory/index
  [4;36;1mUser Load (0.000907) (1 Row)[0m   [0;1mSELECT * FROM `users` WHERE (`users`.`id` = 1) [0m
  [4;35;1mUser Load (0.000310) (1 Row)[0m   [0mSELECT * FROM `users` WHERE (`users`.`id` = 2) [0m
  [4;36;1mUser Load (0.000190) (1 Row)[0m   [0;1mSELECT * FROM `users` WHERE (`users`.`id` = 3) [0m
  [4;35;1mUser Load (0.000251) (1 Row)[0m   [0mSELECT * FROM `users` WHERE (`users`.`id` = 4) [0m
  [4;36;1mUser Load (0.000207) (1 Row)[0m   [0;1mSELECT * FROM `users` WHERE (`users`.`id` = 5) [0m
  [4;35;1mUser Load (0.000183) (1 Row)[0m   [0mSELECT * FROM `users` WHERE (`users`.`id` = 6) [0m
  [4;36;1mUser Load (0.000186) (1 Row)[0m   [0;1mSELECT * FROM `users` WHERE (`users`.`id` = 7) [0m
  [4;35;1mUser Load (0.000181) (1 Row)[0m   [0mSELECT * FROM `users` WHERE (`users`.`id` = 8) [0m
  [4;36;1mUser Load (0.000185) (1 Row)[0m   [0;1mSELECT * FROM `users` WHERE (`users`.`id` = 9) [0m
  [4;35;1mUser Load (0.000193) (1 Row)[0m   [0mSELECT * FROM `users` WHERE (`users`.`id` = 10) [0m
  [4;36;1mAdvert Load (0.000354) (0 Rows)[0m   [0;1mSELECT * FROM `adverts` WHERE (startdate <= '2011-05-28 09:07:01' && enddate >= '2011-05-28 09:07:01' && placement=0) [0m
Completed in 101ms (View: 47, DB: 0 15 queries) | 200 OK [http://localhost/directory]
